<?xml version="1.0" encoding="UTF-8"?>
<!-- Generated by org.testng.reporters.JUnitReportReporter -->
<testsuite hostname="GOWTHAM" failures="0" tests="1" name="testCases.TC005_Add_to_Cart_Test" time="1.018" errors="0" timestamp="2025-03-03T13:50:03 IST" skipped="0">
  <testcase classname="testCases.TC005_Add_to_Cart_Test" name="Add_to_Cart" time="1.018"/>
</testsuite> <!-- testCases.TC005_Add_to_Cart_Test -->
