<?xml version="1.0" encoding="UTF-8"?>
<!-- Generated by org.testng.reporters.JUnitReportReporter -->
<testsuite hostname="GOWTHAM" failures="0" tests="4" name="testCases.TC002_Login_Test" time="13.199" errors="0" timestamp="2025-01-22T11:31:40 IST" skipped="0">
  <testcase classname="testCases.TC002_Login_Test" name="Login_test" time="6.195"/>
  <testcase classname="testCases.TC002_Login_Test" name="Login_test" time="5.985"/>
  <testcase classname="testCases.TC002_Login_Test" name="Verifying_PageTitle_test" time="0.509"/>
  <testcase classname="testCases.TC002_Login_Test" name="Verifying_PageTitle_test" time="0.510"/>
</testsuite> <!-- testCases.TC002_Login_Test -->
