<?xml version="1.0" encoding="UTF-8"?>
<!-- Generated by org.testng.reporters.JUnitReportReporter -->
<testsuite hostname="GOWTHAM" failures="0" tests="2" name="testCases.TC001_AccountRegTest" time="15.988" errors="0" timestamp="2025-01-22T11:31:40 IST" skipped="0">
  <testcase classname="testCases.TC001_AccountRegTest" name="Account_reg" time="7.958"/>
  <testcase classname="testCases.TC001_AccountRegTest" name="Account_reg" time="8.030"/>
</testsuite> <!-- testCases.TC001_AccountRegTest -->
