<?xml version="1.0" encoding="UTF-8"?>
<!-- Generated by org.testng.reporters.JUnitReportReporter -->
<testsuite hostname="GOWTHAM" failures="0" tests="1" name="testCases.TC004_Search_Products_Test" time="0.523" errors="0" timestamp="2025-01-22T10:54:03 IST" skipped="0">
  <testcase classname="testCases.TC004_Search_Products_Test" name="SearchTest" time="0.523"/>
</testsuite> <!-- testCases.TC004_Search_Products_Test -->
