<?xml version="1.0" encoding="UTF-8"?>
<!-- Generated by org.testng.reporters.JUnitReportReporter -->
<testsuite hostname="GOWTHAM" failures="0" tests="2" name="testCases.TC002_Login_Test" time="1.870" errors="0" timestamp="2025-03-03T13:50:03 IST" skipped="0">
  <testcase classname="testCases.TC002_Login_Test" name="Verifying_PageTitle_test" time="0.074"/>
  <testcase classname="testCases.TC002_Login_Test" name="Login_test" time="1.796"/>
</testsuite> <!-- testCases.TC002_Login_Test -->
