<?xml version="1.0" encoding="UTF-8"?>
<!-- Generated by org.testng.reporters.JUnitReportReporter -->
<testsuite hostname="GOWTHAM" failures="0" tests="1" name="testCases.TC005_Add_to_Cart_Test" time="0.609" errors="0" timestamp="2025-01-20T13:02:36 IST" skipped="0">
  <testcase classname="testCases.TC005_Add_to_Cart_Test" name="Add_to_Cart" time="0.609"/>
</testsuite> <!-- testCases.TC005_Add_to_Cart_Test -->
