<?xml version="1.0" encoding="UTF-8"?>
<!-- Generated by org.testng.reporters.JUnitReportReporter -->
<testsuite hostname="GOWTHAM" failures="0" tests="4" name="testCases.TC002_Login_Test" time="15.514" errors="0" timestamp="2025-01-19T13:56:34 IST" skipped="0">
  <testcase classname="testCases.TC002_Login_Test" name="Verifying_PageTitle_test" time="0.568"/>
  <testcase classname="testCases.TC002_Login_Test" name="Verifying_PageTitle_test" time="0.856"/>
  <testcase classname="testCases.TC002_Login_Test" name="Login_test" time="7.538"/>
  <testcase classname="testCases.TC002_Login_Test" name="Login_test" time="6.552"/>
</testsuite> <!-- testCases.TC002_Login_Test -->
