<?xml version="1.0" encoding="UTF-8"?>
<!-- Generated by org.testng.reporters.JUnitReportReporter -->
<testsuite hostname="GOWTHAM" failures="0" tests="2" name="testCases.TC004_Search_Products_Test" time="4.828" errors="0" timestamp="2025-01-22T12:03:55 IST" skipped="0">
  <testcase classname="testCases.TC004_Search_Products_Test" name="SearchTest" time="2.369"/>
  <testcase classname="testCases.TC004_Search_Products_Test" name="SearchTest" time="2.459"/>
</testsuite> <!-- testCases.TC004_Search_Products_Test -->
