<?xml version="1.0" encoding="UTF-8"?>
<!-- Generated by org.testng.reporters.JUnitReportReporter -->
<testsuite hostname="GOWTHAM" failures="0" tests="2" name="testCases.TC002_Login_Test" time="1.731" errors="0" timestamp="2025-01-22T10:54:03 IST" skipped="0">
  <testcase classname="testCases.TC002_Login_Test" name="Verifying_PageTitle_test" time="0.040"/>
  <testcase classname="testCases.TC002_Login_Test" name="Login_test" time="1.691"/>
</testsuite> <!-- testCases.TC002_Login_Test -->
