<?xml version="1.0" encoding="UTF-8"?>
<!-- Generated by org.testng.reporters.JUnitReportReporter -->
<testsuite hostname="GOWTHAM" failures="0" tests="2" name="testCases.TC002_Login_Test" time="1.421" errors="0" timestamp="2025-01-20T13:02:36 IST" skipped="0">
  <testcase classname="testCases.TC002_Login_Test" name="Login_test" time="1.363"/>
  <testcase classname="testCases.TC002_Login_Test" name="Verifying_PageTitle_test" time="0.058"/>
</testsuite> <!-- testCases.TC002_Login_Test -->
