<?xml version="1.0" encoding="UTF-8"?>
<!-- Generated by org.testng.reporters.JUnitReportReporter -->
<testsuite hostname="GOWTHAM" failures="0" tests="2" name="testCases.TC008_Add_to_Wishlist_Test" time="6.921" errors="0" timestamp="2025-01-24T18:01:59 IST" skipped="0">
  <testcase classname="testCases.TC008_Add_to_Wishlist_Test" name="AddingItems_to_Cart" time="5.001"/>
  <testcase classname="testCases.TC008_Add_to_Wishlist_Test" name="Verifying_The_Items_in_the_Wishlist" time="1.920"/>
</testsuite> <!-- testCases.TC008_Add_to_Wishlist_Test -->
