<?xml version="1.0" encoding="UTF-8"?>
<!-- Generated by org.testng.reporters.JUnitReportReporter -->
<testsuite hostname="GOWTHAM" failures="0" tests="2" name="testCases.TC004_Search_Products_Test" time="5.096" errors="0" timestamp="2025-01-22T11:31:40 IST" skipped="0">
  <testcase classname="testCases.TC004_Search_Products_Test" name="SearchTest" time="2.352"/>
  <testcase classname="testCases.TC004_Search_Products_Test" name="SearchTest" time="2.744"/>
</testsuite> <!-- testCases.TC004_Search_Products_Test -->
