<?xml version="1.0" encoding="UTF-8"?>
<!-- Generated by org.testng.reporters.JUnitReportReporter -->
<testsuite hostname="GOWTHAM" failures="0" tests="1" name="testCases.TC0010_Newsletter_SUbscription_Test" time="2.076" errors="0" timestamp="2025-03-10T18:12:36 IST" skipped="0">
  <testcase classname="testCases.TC0010_Newsletter_SUbscription_Test" name="Newsletter_SUbscription_Test" time="2.076"/>
</testsuite> <!-- testCases.TC0010_Newsletter_SUbscription_Test -->
