<?xml version="1.0" encoding="UTF-8"?>
<!-- Generated by org.testng.reporters.JUnitReportReporter -->
<testsuite hostname="GOWTHAM" failures="0" tests="1" name="testCases.TC009_Transction_balance_Test" time="1.904" errors="0" timestamp="2025-03-10T18:12:36 IST" skipped="0">
  <testcase classname="testCases.TC009_Transction_balance_Test" name="Transction_balance_Test" time="1.904"/>
</testsuite> <!-- testCases.TC009_Transction_balance_Test -->
