<?xml version="1.0" encoding="UTF-8"?>
<!-- Generated by org.testng.reporters.JUnitReportReporter -->
<testsuite hostname="GOWTHAM" failures="0" tests="1" name="testCases.TC007_Modifying_Cart_Test" time="1.419" errors="0" timestamp="2025-01-20T13:02:36 IST" skipped="0">
  <testcase classname="testCases.TC007_Modifying_Cart_Test" name="Modifying_Cart_Test" time="1.419"/>
</testsuite> <!-- testCases.TC007_Modifying_Cart_Test -->
