<?xml version="1.0" encoding="UTF-8"?>
<!-- Generated by org.testng.reporters.JUnitReportReporter -->
<testsuite hostname="GOWTHAM" failures="0" tests="2" name="testCases.TC005_Add_to_Cart_Test" time="5.244" errors="0" timestamp="2025-01-22T11:31:40 IST" skipped="0">
  <testcase classname="testCases.TC005_Add_to_Cart_Test" name="Add_to_Cart" time="2.666"/>
  <testcase classname="testCases.TC005_Add_to_Cart_Test" name="Add_to_Cart" time="2.578"/>
</testsuite> <!-- testCases.TC005_Add_to_Cart_Test -->
