<?xml version="1.0" encoding="UTF-8"?>
<!-- Generated by org.testng.reporters.JUnitReportReporter -->
<testsuite hostname="GOWTHAM" failures="0" tests="2" name="testCases.TC001_AccountRegTest" time="16.055" errors="0" timestamp="2025-01-18T13:32:25 IST" skipped="0">
  <testcase classname="testCases.TC001_AccountRegTest" name="Account_reg" time="8.224"/>
  <testcase classname="testCases.TC001_AccountRegTest" name="Account_reg" time="7.831"/>
</testsuite> <!-- testCases.TC001_AccountRegTest -->
