<?xml version="1.0" encoding="UTF-8"?>
<!-- Generated by org.testng.reporters.JUnitReportReporter -->
<testsuite hostname="GOWTHAM" failures="0" tests="4" name="testCases.TC002_Login_Test" time="12.967" errors="0" timestamp="2025-01-22T12:03:55 IST" skipped="0">
  <testcase classname="testCases.TC002_Login_Test" name="Login_test" time="6.015"/>
  <testcase classname="testCases.TC002_Login_Test" name="Verifying_PageTitle_test" time="0.502"/>
  <testcase classname="testCases.TC002_Login_Test" name="Verifying_PageTitle_test" time="0.497"/>
  <testcase classname="testCases.TC002_Login_Test" name="Login_test" time="5.953"/>
</testsuite> <!-- testCases.TC002_Login_Test -->
