<?xml version="1.0" encoding="UTF-8"?>
<!-- Generated by org.testng.reporters.JUnitReportReporter -->
<testsuite hostname="GOWTHAM" failures="0" tests="2" name="testCases.TC004_Search_Products_Test" time="5.547" errors="0" timestamp="2025-01-19T13:56:34 IST" skipped="0">
  <testcase classname="testCases.TC004_Search_Products_Test" name="SearchTest" time="2.984"/>
  <testcase classname="testCases.TC004_Search_Products_Test" name="SearchTest" time="2.563"/>
</testsuite> <!-- testCases.TC004_Search_Products_Test -->
