<?xml version="1.0" encoding="UTF-8"?>
<!-- Generated by org.testng.reporters.JUnitReportReporter -->
<testsuite hostname="GOWTHAM" failures="0" tests="2" name="testCases.TC004_Search_Products_Test" time="5.031" errors="0" timestamp="2025-01-18T13:32:25 IST" skipped="0">
  <testcase classname="testCases.TC004_Search_Products_Test" name="SearchTest" time="2.434"/>
  <testcase classname="testCases.TC004_Search_Products_Test" name="SearchTest" time="2.597"/>
</testsuite> <!-- testCases.TC004_Search_Products_Test -->
