<?xml version="1.0" encoding="UTF-8"?>
<!-- Generated by org.testng.reporters.JUnitReportReporter -->
<testsuite hostname="GOWTHAM" failures="0" tests="4" name="testCases.TC002_Login_Test" time="13.403" errors="0" timestamp="2025-01-18T13:32:25 IST" skipped="0">
  <testcase classname="testCases.TC002_Login_Test" name="Login_test" time="6.608"/>
  <testcase classname="testCases.TC002_Login_Test" name="Verifying_PageTitle_test" time="0.511"/>
  <testcase classname="testCases.TC002_Login_Test" name="Login_test" time="5.783"/>
  <testcase classname="testCases.TC002_Login_Test" name="Verifying_PageTitle_test" time="0.501"/>
</testsuite> <!-- testCases.TC002_Login_Test -->
