<?xml version="1.0" encoding="UTF-8"?>
<!-- Generated by org.testng.reporters.JUnitReportReporter -->
<testsuite hostname="GOWTHAM" failures="0" tests="1" name="testCases.TC006_Checkout_Test" time="2.898" errors="0" timestamp="2025-01-22T10:54:03 IST" skipped="0">
  <testcase classname="testCases.TC006_Checkout_Test" name="Add_to_Cart_and_Checkout" time="2.898"/>
</testsuite> <!-- testCases.TC006_Checkout_Test -->
