<?xml version="1.0" encoding="UTF-8"?>
<!-- Generated by org.testng.reporters.JUnitReportReporter -->
<testsuite hostname="GOWTHAM" failures="0" tests="1" name="testCases.TC004_Search_Products_Test" time="0.770" errors="0" timestamp="2025-03-03T13:50:03 IST" skipped="0">
  <testcase classname="testCases.TC004_Search_Products_Test" name="SearchTest" time="0.770"/>
</testsuite> <!-- testCases.TC004_Search_Products_Test -->
