<?xml version="1.0" encoding="UTF-8"?>
<!-- Generated by org.testng.reporters.JUnitReportReporter -->
<testsuite hostname="GOWTHAM" failures="0" tests="1" name="testCases.TC001_AccountRegTest" time="1.565" errors="0" timestamp="2025-01-20T13:02:36 IST" skipped="0">
  <testcase classname="testCases.TC001_AccountRegTest" name="Account_reg" time="1.565"/>
</testsuite> <!-- testCases.TC001_AccountRegTest -->
