<?xml version="1.0" encoding="UTF-8"?>
<!-- Generated by org.testng.reporters.JUnitReportReporter -->
<testsuite hostname="GOWTHAM" failures="0" tests="2" name="testCases.TC005_Add_to_Cart_Test" time="5.146" errors="0" timestamp="2025-01-22T12:03:55 IST" skipped="0">
  <testcase classname="testCases.TC005_Add_to_Cart_Test" name="Add_to_Cart" time="2.603"/>
  <testcase classname="testCases.TC005_Add_to_Cart_Test" name="Add_to_Cart" time="2.543"/>
</testsuite> <!-- testCases.TC005_Add_to_Cart_Test -->
