<?xml version="1.0" encoding="UTF-8"?>
<!-- Generated by org.testng.reporters.JUnitReportReporter -->
<testsuite hostname="GOWTHAM" failures="0" tests="2" name="testCases.TC006_Checkout_Test" time="12.658" errors="0" timestamp="2025-01-22T11:31:40 IST" skipped="0">
  <testcase classname="testCases.TC006_Checkout_Test" name="Add_to_Cart_and_Checkout" time="6.982"/>
  <testcase classname="testCases.TC006_Checkout_Test" name="Add_to_Cart_and_Checkout" time="5.676"/>
</testsuite> <!-- testCases.TC006_Checkout_Test -->
