<?xml version="1.0" encoding="UTF-8"?>
<!-- Generated by org.testng.reporters.JUnitReportReporter -->
<testsuite hostname="GOWTHAM" failures="0" tests="1" name="testCases.TC001_AccountRegTest" time="2.509" errors="0" timestamp="2025-03-03T13:50:03 IST" skipped="0">
  <testcase classname="testCases.TC001_AccountRegTest" name="Account_reg" time="2.509"/>
</testsuite> <!-- testCases.TC001_AccountRegTest -->
