<?xml version="1.0" encoding="UTF-8"?>
<!-- Generated by org.testng.reporters.JUnitReportReporter -->
<testsuite hostname="GOWTHAM" failures="0" tests="1" name="testCases.TC001_AccountRegTest" time="2.108" errors="0" timestamp="2025-01-18T15:59:05 IST" skipped="0">
  <testcase classname="testCases.TC001_AccountRegTest" name="Account_reg" time="2.108"/>
</testsuite> <!-- testCases.TC001_AccountRegTest -->
