<?xml version="1.0" encoding="UTF-8"?>
<!-- Generated by org.testng.reporters.JUnitReportReporter -->
<testsuite hostname="GOWTHAM" failures="0" tests="2" name="testCases.TC007_Modifying_Cart_Test" time="13.173" errors="0" timestamp="2025-01-22T11:38:38 IST" skipped="0">
  <testcase classname="testCases.TC007_Modifying_Cart_Test" name="Modifying_Cart_Test" time="6.654"/>
  <testcase classname="testCases.TC007_Modifying_Cart_Test" name="Modifying_Cart_Test" time="6.519"/>
</testsuite> <!-- testCases.TC007_Modifying_Cart_Test -->
